<?xml version="1.0" encoding="UTF-8"?>
<!-- Generated by org.testng.reporters.JUnitXMLReporter -->
<testsuite hostname="LAPTOP-LDDE6EAS" ignored="0" name="Test" tests="6" failures="1" timestamp="04 Jun 2019 22:50:04 GMT" time="149.784" errors="0">
  <testcase name="validateImgPresentTest" time="0.101" classname="com.qa.ebay.testcases.SignInPageTest"/>
  <testcase name="dropDownTest" time="5.153" classname="com.qa.ebay.testcases.HomePageTest">
    <failure type="java.lang.AssertionError" message="Both list are not in same order expected [true] but found [false]">
      <![CDATA[java.lang.AssertionError: Both list are not in same order expected [true] but found [false]
at com.qa.ebay.testcases.HomePageTest.dropDownTest(HomePageTest.java:42)
... Removed 28 stack frames]]>
    </failure>
  </testcase> <!-- dropDownTest -->
  <testcase name="regBtnTest" time="0.345" classname="com.qa.ebay.testcases.RegistrationTest"/>
  <testcase name="validatesingIn" time="3.349" classname="com.qa.ebay.testcases.SignInPageTest"/>
  <testcase name="titleTest" time="8.173" classname="com.qa.ebay.testcases.HomePageTest"/>
  <testcase name="vadidateRegTest" time="1.075" classname="com.qa.ebay.testcases.RegistrationTest"/>
</testsuite> <!-- Test -->
